<?xml version="1.0" encoding="UTF-8"?>
<!-- Generated by org.testng.reporters.JUnitReportReporter -->
<testsuite hostname="DESKTOP-U2382S1" failures="0" tests="1" name="all_ui.LoginTestCases" time="7.038" errors="0" timestamp="2024-10-10T08:22:52 PST" skipped="0">
  <testcase classname="all_ui.LoginTestCases" name="testLogin" time="7.038"/>
</testsuite> <!-- all_ui.LoginTestCases -->
